{"/home/gabriel/Documentos/Projetos/croct-challenge/src/components/elements/DropError/index.tsx": {"path":"/home/gabriel/Documentos/Projetos/croct-challenge/src/components/elements/DropError/index.tsx","statementMap":{"0":{"start":{"line":9,"column":2},"end":{"line":22,"column":4}}},"fnMap":{"0":{"name":"DropError","decl":{"start":{"line":8,"column":16},"end":{"line":8,"column":25}},"loc":{"start":{"line":8,"column":52},"end":{"line":23,"column":1}},"line":8}},"branchMap":{},"s":{"0":1},"f":{"0":1},"b":{},"_coverageSchema":"1a1c01bbd47fc00a2c39e90264f33305004495a9","hash":"36d8e154e5dbb34bfeec474b41ce333541362d7c"}
,"/home/gabriel/Documentos/Projetos/croct-challenge/src/components/elements/Dropzone/index.tsx": {"path":"/home/gabriel/Documentos/Projetos/croct-challenge/src/components/elements/Dropzone/index.tsx","statementMap":{"0":{"start":{"line":10,"column":24},"end":{"line":33,"column":1}},"1":{"start":{"line":11,"column":2},"end":{"line":32,"column":4}}},"fnMap":{"0":{"name":"(anonymous_0)","decl":{"start":{"line":10,"column":24},"end":{"line":10,"column":25}},"loc":{"start":{"line":10,"column":72},"end":{"line":33,"column":1}},"line":10}},"branchMap":{"0":{"loc":{"start":{"line":20,"column":9},"end":{"line":29,"column":9}},"type":"cond-expr","locations":[{"start":{"line":21,"column":10},"end":{"line":21,"column":40}},{"start":{"line":23,"column":10},"end":{"line":28,"column":13}}],"line":20}},"s":{"0":3,"1":39},"f":{"0":39},"b":{"0":[1,38]},"_coverageSchema":"1a1c01bbd47fc00a2c39e90264f33305004495a9","hash":"df6bb8f941cd0896aab781372f2114fd6536acef"}
,"/home/gabriel/Documentos/Projetos/croct-challenge/src/components/elements/EditImage/index.tsx": {"path":"/home/gabriel/Documentos/Projetos/croct-challenge/src/components/elements/EditImage/index.tsx","statementMap":{"0":{"start":{"line":13,"column":30},"end":{"line":13,"column":40}},"1":{"start":{"line":15,"column":28},"end":{"line":15,"column":39}},"2":{"start":{"line":18,"column":4},"end":{"line":18,"column":37}},"3":{"start":{"line":22,"column":4},"end":{"line":25,"column":17}},"4":{"start":{"line":26,"column":4},"end":{"line":26,"column":13}},"5":{"start":{"line":29,"column":2},"end":{"line":61,"column":4}}},"fnMap":{"0":{"name":"EditImage","decl":{"start":{"line":12,"column":16},"end":{"line":12,"column":25}},"loc":{"start":{"line":12,"column":60},"end":{"line":62,"column":1}},"line":12},"1":{"name":"handleChangeScale","decl":{"start":{"line":17,"column":11},"end":{"line":17,"column":28}},"loc":{"start":{"line":17,"column":69},"end":{"line":19,"column":3}},"line":17},"2":{"name":"handleSaveImage","decl":{"start":{"line":21,"column":11},"end":{"line":21,"column":26}},"loc":{"start":{"line":21,"column":29},"end":{"line":27,"column":3}},"line":21}},"branchMap":{},"s":{"0":7,"1":7,"2":1,"3":1,"4":1,"5":7},"f":{"0":7,"1":1,"2":1},"b":{},"_coverageSchema":"1a1c01bbd47fc00a2c39e90264f33305004495a9","hash":"fc44c4040de86f66ddad37a01e5dcb7b1dd12a2c"}
,"/home/gabriel/Documentos/Projetos/croct-challenge/src/components/modules/AvatarUpload/index.tsx": {"path":"/home/gabriel/Documentos/Projetos/croct-challenge/src/components/modules/AvatarUpload/index.tsx","statementMap":{"0":{"start":{"line":11,"column":30},"end":{"line":11,"column":40}},"1":{"start":{"line":13,"column":28},"end":{"line":13,"column":43}},"2":{"start":{"line":14,"column":28},"end":{"line":14,"column":43}},"3":{"start":{"line":16,"column":17},"end":{"line":31,"column":8}},"4":{"start":{"line":17,"column":17},"end":{"line":17,"column":33}},"5":{"start":{"line":19,"column":4},"end":{"line":21,"column":5}},"6":{"start":{"line":20,"column":6},"end":{"line":20,"column":21}},"7":{"start":{"line":23,"column":19},"end":{"line":23,"column":35}},"8":{"start":{"line":25,"column":4},"end":{"line":28,"column":6}},"9":{"start":{"line":26,"column":6},"end":{"line":26,"column":63}},"10":{"start":{"line":27,"column":6},"end":{"line":27,"column":22}},"11":{"start":{"line":30,"column":4},"end":{"line":30,"column":31}},"12":{"start":{"line":34,"column":4},"end":{"line":34,"column":27}},"13":{"start":{"line":37,"column":4},"end":{"line":37,"column":19}},"14":{"start":{"line":38,"column":4},"end":{"line":38,"column":20}},"15":{"start":{"line":39,"column":4},"end":{"line":39,"column":20}},"16":{"start":{"line":43,"column":4},"end":{"line":43,"column":19}},"17":{"start":{"line":44,"column":4},"end":{"line":44,"column":20}},"18":{"start":{"line":47,"column":2},"end":{"line":87,"column":4}}},"fnMap":{"0":{"name":"AvatarUpload","decl":{"start":{"line":10,"column":16},"end":{"line":10,"column":28}},"loc":{"start":{"line":10,"column":31},"end":{"line":88,"column":1}},"line":10},"1":{"name":"(anonymous_1)","decl":{"start":{"line":16,"column":29},"end":{"line":16,"column":30}},"loc":{"start":{"line":16,"column":56},"end":{"line":31,"column":3}},"line":16},"2":{"name":"(anonymous_2)","decl":{"start":{"line":25,"column":20},"end":{"line":25,"column":21}},"loc":{"start":{"line":25,"column":33},"end":{"line":28,"column":5}},"line":25},"3":{"name":"handleRemoveImage","decl":{"start":{"line":36,"column":11},"end":{"line":36,"column":28}},"loc":{"start":{"line":36,"column":31},"end":{"line":40,"column":3}},"line":36},"4":{"name":"handleSave","decl":{"start":{"line":42,"column":11},"end":{"line":42,"column":21}},"loc":{"start":{"line":42,"column":24},"end":{"line":45,"column":3}},"line":42}},"branchMap":{"0":{"loc":{"start":{"line":19,"column":4},"end":{"line":21,"column":5}},"type":"if","locations":[{"start":{"line":19,"column":4},"end":{"line":21,"column":5}},{"start":{},"end":{}}],"line":19},"1":{"loc":{"start":{"line":50,"column":16},"end":{"line":50,"column":31}},"type":"binary-expr","locations":[{"start":{"line":50,"column":16},"end":{"line":50,"column":21}},{"start":{"line":50,"column":25},"end":{"line":50,"column":31}}],"line":50},"2":{"loc":{"start":{"line":53,"column":7},"end":{"line":69,"column":7}},"type":"binary-expr","locations":[{"start":{"line":53,"column":7},"end":{"line":53,"column":12}},{"start":{"line":53,"column":16},"end":{"line":53,"column":21}},{"start":{"line":54,"column":8},"end":{"line":68,"column":20}}],"line":53},"3":{"loc":{"start":{"line":71,"column":7},"end":{"line":75,"column":7}},"type":"binary-expr","locations":[{"start":{"line":71,"column":7},"end":{"line":71,"column":13}},{"start":{"line":71,"column":17},"end":{"line":71,"column":23}},{"start":{"line":72,"column":8},"end":{"line":74,"column":25}}],"line":71},"4":{"loc":{"start":{"line":77,"column":7},"end":{"line":85,"column":7}},"type":"binary-expr","locations":[{"start":{"line":77,"column":7},"end":{"line":77,"column":12}},{"start":{"line":77,"column":16},"end":{"line":77,"column":22}},{"start":{"line":78,"column":8},"end":{"line":84,"column":11}}],"line":77},"5":{"loc":{"start":{"line":79,"column":11},"end":{"line":83,"column":11}},"type":"cond-expr","locations":[{"start":{"line":80,"column":12},"end":{"line":80,"column":54}},{"start":{"line":82,"column":12},"end":{"line":82,"column":74}}],"line":79},"6":{"loc":{"start":{"line":79,"column":11},"end":{"line":79,"column":45}},"type":"binary-expr","locations":[{"start":{"line":79,"column":11},"end":{"line":79,"column":36}},{"start":{"line":79,"column":40},"end":{"line":79,"column":45}}],"line":79}},"s":{"0":45,"1":45,"2":45,"3":45,"4":5,"5":5,"6":1,"7":5,"8":5,"9":5,"10":5,"11":5,"12":45,"13":1,"14":1,"15":1,"16":1,"17":1,"18":45},"f":{"0":45,"1":5,"2":5,"3":1,"4":1},"b":{"0":[1,4],"1":[45,8],"2":[45,8,1],"3":[45,37,37],"4":[45,8,7],"5":[1,6],"6":[7,7]},"_coverageSchema":"1a1c01bbd47fc00a2c39e90264f33305004495a9","hash":"eb92d45a9e52ee07ecd94384b9dbf7cfbf7be8a4"}
,"/home/gabriel/Documentos/Projetos/croct-challenge/src/context/image.tsx": {"path":"/home/gabriel/Documentos/Projetos/croct-challenge/src/context/image.tsx","statementMap":{"0":{"start":{"line":13,"column":28},"end":{"line":15,"column":1}},"1":{"start":{"line":17,"column":29},"end":{"line":25,"column":1}},"2":{"start":{"line":18,"column":28},"end":{"line":18,"column":57}},"3":{"start":{"line":20,"column":2},"end":{"line":24,"column":4}},"4":{"start":{"line":28,"column":18},"end":{"line":28,"column":42}},"5":{"start":{"line":30,"column":2},"end":{"line":30,"column":17}}},"fnMap":{"0":{"name":"(anonymous_0)","decl":{"start":{"line":17,"column":29},"end":{"line":17,"column":30}},"loc":{"start":{"line":17,"column":52},"end":{"line":25,"column":1}},"line":17},"1":{"name":"useImage","decl":{"start":{"line":27,"column":16},"end":{"line":27,"column":24}},"loc":{"start":{"line":27,"column":45},"end":{"line":31,"column":1}},"line":27}},"branchMap":{},"s":{"0":3,"1":3,"2":17,"3":17,"4":52,"5":52},"f":{"0":17,"1":52},"b":{},"_coverageSchema":"1a1c01bbd47fc00a2c39e90264f33305004495a9","hash":"5a35e3bbedfdcf457b3952072b26a1d821abbe92"}
,"/home/gabriel/Documentos/Projetos/croct-challenge/src/context/theme.tsx": {"path":"/home/gabriel/Documentos/Projetos/croct-challenge/src/context/theme.tsx","statementMap":{"0":{"start":{"line":11,"column":21},"end":{"line":11,"column":76}},"1":{"start":{"line":13,"column":31},"end":{"line":37,"column":1}},"2":{"start":{"line":14,"column":28},"end":{"line":14,"column":57}},"3":{"start":{"line":16,"column":2},"end":{"line":20,"column":9}},"4":{"start":{"line":17,"column":23},"end":{"line":17,"column":68}},"5":{"start":{"line":19,"column":4},"end":{"line":19,"column":52}},"6":{"start":{"line":22,"column":22},"end":{"line":30,"column":3}},"7":{"start":{"line":23,"column":4},"end":{"line":29,"column":5}},"8":{"start":{"line":24,"column":6},"end":{"line":24,"column":64}},"9":{"start":{"line":25,"column":6},"end":{"line":25,"column":21}},"10":{"start":{"line":27,"column":6},"end":{"line":27,"column":65}},"11":{"start":{"line":28,"column":6},"end":{"line":28,"column":22}},"12":{"start":{"line":32,"column":2},"end":{"line":36,"column":4}},"13":{"start":{"line":40,"column":18},"end":{"line":40,"column":42}},"14":{"start":{"line":42,"column":2},"end":{"line":42,"column":17}}},"fnMap":{"0":{"name":"(anonymous_0)","decl":{"start":{"line":13,"column":31},"end":{"line":13,"column":32}},"loc":{"start":{"line":13,"column":54},"end":{"line":37,"column":1}},"line":13},"1":{"name":"(anonymous_1)","decl":{"start":{"line":16,"column":12},"end":{"line":16,"column":13}},"loc":{"start":{"line":16,"column":18},"end":{"line":20,"column":3}},"line":16},"2":{"name":"(anonymous_2)","decl":{"start":{"line":22,"column":22},"end":{"line":22,"column":23}},"loc":{"start":{"line":22,"column":28},"end":{"line":30,"column":3}},"line":22},"3":{"name":"useTheme","decl":{"start":{"line":39,"column":16},"end":{"line":39,"column":24}},"loc":{"start":{"line":39,"column":45},"end":{"line":43,"column":1}},"line":39}},"branchMap":{"0":{"loc":{"start":{"line":19,"column":13},"end":{"line":19,"column":50}},"type":"cond-expr","locations":[{"start":{"line":19,"column":38},"end":{"line":19,"column":43}},{"start":{"line":19,"column":46},"end":{"line":19,"column":50}}],"line":19},"1":{"loc":{"start":{"line":23,"column":4},"end":{"line":29,"column":5}},"type":"if","locations":[{"start":{"line":23,"column":4},"end":{"line":29,"column":5}},{"start":{"line":26,"column":11},"end":{"line":29,"column":5}}],"line":23}},"s":{"0":3,"1":3,"2":22,"3":22,"4":10,"5":10,"6":22,"7":2,"8":1,"9":1,"10":1,"11":1,"12":22,"13":7,"14":7},"f":{"0":22,"1":10,"2":2,"3":7},"b":{"0":[1,9],"1":[1,1]},"_coverageSchema":"1a1c01bbd47fc00a2c39e90264f33305004495a9","hash":"ab60dea32143bf1d0a79854b894366c4a3a99dc2"}
,"/home/gabriel/Documentos/Projetos/croct-challenge/src/pages/Home/index.tsx": {"path":"/home/gabriel/Documentos/Projetos/croct-challenge/src/pages/Home/index.tsx","statementMap":{"0":{"start":{"line":7,"column":33},"end":{"line":7,"column":43}},"1":{"start":{"line":9,"column":2},"end":{"line":29,"column":4}}},"fnMap":{"0":{"name":"Home","decl":{"start":{"line":6,"column":16},"end":{"line":6,"column":20}},"loc":{"start":{"line":6,"column":23},"end":{"line":30,"column":1}},"line":6}},"branchMap":{"0":{"loc":{"start":{"line":14,"column":11},"end":{"line":24,"column":11}},"type":"cond-expr","locations":[{"start":{"line":15,"column":12},"end":{"line":18,"column":15}},{"start":{"line":20,"column":12},"end":{"line":23,"column":15}}],"line":14}},"s":{"0":7,"1":7},"f":{"0":7},"b":{"0":[4,3]},"_coverageSchema":"1a1c01bbd47fc00a2c39e90264f33305004495a9","hash":"f0f69b4803e6fd4821749a878ff83af766545126"}
,"/home/gabriel/Documentos/Projetos/croct-challenge/src/styles/renderTheme.tsx": {"path":"/home/gabriel/Documentos/Projetos/croct-challenge/src/styles/renderTheme.tsx","statementMap":{"0":{"start":{"line":8,"column":27},"end":{"line":19,"column":1}},"1":{"start":{"line":9,"column":2},"end":{"line":18,"column":4}}},"fnMap":{"0":{"name":"(anonymous_0)","decl":{"start":{"line":8,"column":27},"end":{"line":8,"column":28}},"loc":{"start":{"line":8,"column":76},"end":{"line":19,"column":1}},"line":8}},"branchMap":{"0":{"loc":{"start":{"line":11,"column":28},"end":{"line":11,"column":42}},"type":"binary-expr","locations":[{"start":{"line":11,"column":28},"end":{"line":11,"column":33}},{"start":{"line":11,"column":37},"end":{"line":11,"column":42}}],"line":11}},"s":{"0":3,"1":10},"f":{"0":10},"b":{"0":[10,10]},"_coverageSchema":"1a1c01bbd47fc00a2c39e90264f33305004495a9","hash":"f9dcda9b5115a6bef87420688bb434ffc39d61ce"}
}
