TN:
SF:src/components/elements/DropError/index.tsx
FN:8,DropError
FNF:1
FNH:1
FNDA:1,DropError
DA:9,1
LF:1
LH:1
BRF:0
BRH:0
end_of_record
TN:
SF:src/components/elements/Dropzone/index.tsx
FN:10,(anonymous_0)
FNF:1
FNH:1
FNDA:39,(anonymous_0)
DA:10,3
DA:11,39
LF:2
LH:2
BRDA:20,0,0,1
BRDA:20,0,1,38
BRF:2
BRH:2
end_of_record
TN:
SF:src/components/elements/EditImage/index.tsx
FN:12,EditImage
FN:17,handleChangeScale
FN:21,handleSaveImage
FNF:3
FNH:3
FNDA:7,EditImage
FNDA:1,handleChangeScale
FNDA:1,handleSaveImage
DA:13,7
DA:15,7
DA:18,1
DA:22,1
DA:26,1
DA:29,7
LF:6
LH:6
BRF:0
BRH:0
end_of_record
TN:
SF:src/components/modules/AvatarUpload/index.tsx
FN:10,AvatarUpload
FN:16,(anonymous_1)
FN:25,(anonymous_2)
FN:36,handleRemoveImage
FN:42,handleSave
FNF:5
FNH:5
FNDA:45,AvatarUpload
FNDA:5,(anonymous_1)
FNDA:5,(anonymous_2)
FNDA:1,handleRemoveImage
FNDA:1,handleSave
DA:11,45
DA:13,45
DA:14,45
DA:16,45
DA:17,5
DA:19,5
DA:20,1
DA:23,5
DA:25,5
DA:26,5
DA:27,5
DA:30,5
DA:34,45
DA:37,1
DA:38,1
DA:39,1
DA:43,1
DA:44,1
DA:47,45
LF:19
LH:19
BRDA:19,0,0,1
BRDA:19,0,1,4
BRDA:50,1,0,45
BRDA:50,1,1,8
BRDA:53,2,0,45
BRDA:53,2,1,8
BRDA:53,2,2,1
BRDA:71,3,0,45
BRDA:71,3,1,37
BRDA:71,3,2,37
BRDA:77,4,0,45
BRDA:77,4,1,8
BRDA:77,4,2,7
BRDA:79,5,0,1
BRDA:79,5,1,6
BRDA:79,6,0,7
BRDA:79,6,1,7
BRF:17
BRH:17
end_of_record
TN:
SF:src/context/image.tsx
FN:17,(anonymous_0)
FN:27,useImage
FNF:2
FNH:2
FNDA:17,(anonymous_0)
FNDA:52,useImage
DA:13,3
DA:17,3
DA:18,17
DA:20,17
DA:28,52
DA:30,52
LF:6
LH:6
BRF:0
BRH:0
end_of_record
TN:
SF:src/context/theme.tsx
FN:13,(anonymous_0)
FN:16,(anonymous_1)
FN:22,(anonymous_2)
FN:39,useTheme
FNF:4
FNH:4
FNDA:22,(anonymous_0)
FNDA:10,(anonymous_1)
FNDA:2,(anonymous_2)
FNDA:7,useTheme
DA:11,3
DA:13,3
DA:14,22
DA:16,22
DA:17,10
DA:19,10
DA:22,22
DA:23,2
DA:24,1
DA:25,1
DA:27,1
DA:28,1
DA:32,22
DA:40,7
DA:42,7
LF:15
LH:15
BRDA:19,0,0,1
BRDA:19,0,1,9
BRDA:23,1,0,1
BRDA:23,1,1,1
BRF:4
BRH:4
end_of_record
TN:
SF:src/pages/Home/index.tsx
FN:6,Home
FNF:1
FNH:1
FNDA:7,Home
DA:7,7
DA:9,7
LF:2
LH:2
BRDA:14,0,0,4
BRDA:14,0,1,3
BRF:2
BRH:2
end_of_record
TN:
SF:src/styles/renderTheme.tsx
FN:8,(anonymous_0)
FNF:1
FNH:1
FNDA:10,(anonymous_0)
DA:8,3
DA:9,10
LF:2
LH:2
BRDA:11,0,0,10
BRDA:11,0,1,10
BRF:2
BRH:2
end_of_record
